<?xml version="1.0" encoding="UTF-8"?>
<testsuite xmlns:xsi="http://www.w3.org/2001/XMLSchema-instance" xsi:noNamespaceSchemaLocation="https://maven.apache.org/surefire/maven-surefire-plugin/xsd/surefire-test-report.xsd" name="com.elasticdemo.HelloControllerTest" time="11.891" tests="1" errors="0" skipped="0" failures="1">
  <properties>
[...]
</properties>
  <testcase name="hello_ok" classname="com.elasticdemo.HelloControllerTest" time="1.407">
    <failure message="&#10;expected: &quot;Hello World, Spring Boot!&quot;&#10;but was : &quot;{&quot;timestamp&quot;:&quot;2023-05-03T15:47:14.539+00:00&quot;,&quot;status&quot;:404,&quot;error&quot;:&quot;Not Found&quot;,&quot;path&quot;:&quot;/&quot;}&quot;" type="org.opentest4j.AssertionFailedError">org.opentest4j.AssertionFailedError: 

expected: "Hello World, Spring Boot!"
but was : "{"timestamp":"2023-05-03T15:47:14.539+00:00","status":404,"error":"Not Found","path":"/"}"
	at com.elasticdemo.HelloControllerTest.hello_ok(HelloControllerTest.java:21)
</failure>
    <system-out><![CDATA[21:17:03.275 [main] DEBUG org.springframework.test.context.BootstrapUtils - Instantiating CacheAwareContextLoaderDelegate from class [org.springframework.test.context.cache.DefaultCacheAwareContextLoaderDelegate]
21:17:03.322 [main] DEBUG org.springframework.test.context.BootstrapUtils - Instantiating BootstrapContext using constructor [public org.springframework.test.context.support.DefaultBootstrapContext(java.lang.Class,org.springframework.test.context.CacheAwareContextLoaderDelegate)]
21:17:03.417 [main] DEBUG org.springframework.test.context.BootstrapUtils - Instantiating TestContextBootstrapper for test class [com.elasticdemo.HelloControllerTest] from class [org.springframework.boot.test.context.SpringBootTestContextBootstrapper]
21:17:03.463 [main] INFO org.springframework.boot.test.context.SpringBootTestContextBootstrapper - Neither @ContextConfiguration nor @ContextHierarchy found for test class [com.elasticdemo.HelloControllerTest], using SpringBootContextLoader
21:17:03.472 [main] DEBUG org.springframework.test.context.support.AbstractContextLoader - Did not detect default resource location for test class [com.elasticdemo.HelloControllerTest]: class path resource [com/elasticdemo/HelloControllerTest-context.xml] does not exist
21:17:03.472 [main] DEBUG org.springframework.test.context.support.AbstractContextLoader - Did not detect default resource location for test class [com.elasticdemo.HelloControllerTest]: class path resource [com/elasticdemo/HelloControllerTestContext.groovy] does not exist
21:17:03.473 [main] INFO org.springframework.test.context.support.AbstractContextLoader - Could not detect default resource locations for test class [com.elasticdemo.HelloControllerTest]: no resource found for suffixes {-context.xml, Context.groovy}.
21:17:03.475 [main] INFO org.springframework.test.context.support.AnnotationConfigContextLoaderUtils - Could not detect default configuration classes for test class [com.elasticdemo.HelloControllerTest]: HelloControllerTest does not declare any static, non-private, non-final, nested classes annotated with @Configuration.
21:17:03.645 [main] DEBUG org.springframework.test.context.support.ActiveProfilesUtils - Could not find an 'annotation declaring class' for annotation type [org.springframework.test.context.ActiveProfiles] and class [com.elasticdemo.HelloControllerTest]
21:17:03.864 [main] DEBUG org.springframework.context.annotation.ClassPathScanningCandidateComponentProvider - Identified candidate component class: file [/Users/prateek/workspace/spring-boot/resume-management/target/classes/com/elasticdemo/MyWebApplication.class]
21:17:03.867 [main] INFO org.springframework.boot.test.context.SpringBootTestContextBootstrapper - Found @SpringBootConfiguration com.elasticdemo.MyWebApplication for test class com.elasticdemo.HelloControllerTest
21:17:04.336 [main] DEBUG org.springframework.boot.test.context.SpringBootTestContextBootstrapper - @TestExecutionListeners is not present for class [com.elasticdemo.HelloControllerTest]: using defaults.
21:17:04.337 [main] INFO org.springframework.boot.test.context.SpringBootTestContextBootstrapper - Loaded default TestExecutionListener class names from location [META-INF/spring.factories]: [org.springframework.boot.test.mock.mockito.MockitoTestExecutionListener, org.springframework.boot.test.mock.mockito.ResetMocksTestExecutionListener, org.springframework.boot.test.autoconfigure.restdocs.RestDocsTestExecutionListener, org.springframework.boot.test.autoconfigure.web.client.MockRestServiceServerResetTestExecutionListener, org.springframework.boot.test.autoconfigure.web.servlet.MockMvcPrintOnlyOnFailureTestExecutionListener, org.springframework.boot.test.autoconfigure.web.servlet.WebDriverTestExecutionListener, org.springframework.boot.test.autoconfigure.webservices.client.MockWebServiceServerTestExecutionListener, org.springframework.test.context.web.ServletTestExecutionListener, org.springframework.test.context.support.DirtiesContextBeforeModesTestExecutionListener, org.springframework.test.context.event.ApplicationEventsTestExecutionListener, org.springframework.test.context.support.DependencyInjectionTestExecutionListener, org.springframework.test.context.support.DirtiesContextTestExecutionListener, org.springframework.test.context.transaction.TransactionalTestExecutionListener, org.springframework.test.context.jdbc.SqlScriptsTestExecutionListener, org.springframework.test.context.event.EventPublishingTestExecutionListener]
21:17:04.398 [main] INFO org.springframework.boot.test.context.SpringBootTestContextBootstrapper - Using TestExecutionListeners: [org.springframework.test.context.web.ServletTestExecutionListener@7a5ceedd, org.springframework.test.context.support.DirtiesContextBeforeModesTestExecutionListener@4201c465, org.springframework.test.context.event.ApplicationEventsTestExecutionListener@5b799640, org.springframework.boot.test.mock.mockito.MockitoTestExecutionListener@6cb107fd, org.springframework.boot.test.autoconfigure.SpringBootDependencyInjectionTestExecutionListener@710636b0, org.springframework.test.context.support.DirtiesContextTestExecutionListener@3de8f619, org.springframework.test.context.transaction.TransactionalTestExecutionListener@2ab4bc72, org.springframework.test.context.jdbc.SqlScriptsTestExecutionListener@4e5ed836, org.springframework.test.context.event.EventPublishingTestExecutionListener@eadd4fb, org.springframework.boot.test.mock.mockito.ResetMocksTestExecutionListener@740fb309, org.springframework.boot.test.autoconfigure.restdocs.RestDocsTestExecutionListener@7bd7d6d6, org.springframework.boot.test.autoconfigure.web.client.MockRestServiceServerResetTestExecutionListener@43f02ef2, org.springframework.boot.test.autoconfigure.web.servlet.MockMvcPrintOnlyOnFailureTestExecutionListener@239a307b, org.springframework.boot.test.autoconfigure.web.servlet.WebDriverTestExecutionListener@2a8448fa, org.springframework.boot.test.autoconfigure.webservices.client.MockWebServiceServerTestExecutionListener@6f204a1a]
21:17:04.411 [main] DEBUG org.springframework.test.context.support.AbstractDirtiesContextTestExecutionListener - Before test class: context [DefaultTestContext@72c8e7b testClass = HelloControllerTest, testInstance = [null], testMethod = [null], testException = [null], mergedContextConfiguration = [WebMergedContextConfiguration@65f8f5ae testClass = HelloControllerTest, locations = '{}', classes = '{class com.elasticdemo.MyWebApplication}', contextInitializerClasses = '[]', activeProfiles = '{}', propertySourceLocations = '{}', propertySourceProperties = '{org.springframework.boot.test.context.SpringBootTestContextBootstrapper=true, server.port=0}', contextCustomizers = set[org.springframework.boot.test.context.filter.ExcludeFilterContextCustomizer@619713e5, org.springframework.boot.test.json.DuplicateJsonObjectContextCustomizerFactory$DuplicateJsonObjectContextCustomizer@7722c3c3, org.springframework.boot.test.mock.mockito.MockitoContextCustomizer@0, org.springframework.boot.test.web.client.TestRestTemplateContextCustomizer@498d318c, org.springframework.boot.test.autoconfigure.actuate.metrics.MetricsExportContextCustomizerFactory$DisableMetricExportContextCustomizer@dbf57b3, org.springframework.boot.test.autoconfigure.properties.PropertyMappingContextCustomizer@0, org.springframework.boot.test.autoconfigure.web.servlet.WebDriverContextCustomizerFactory$Customizer@323b36e0, org.springframework.boot.test.context.SpringBootTestArgs@1, org.springframework.boot.test.context.SpringBootTestWebEnvironment@215be6bb], resourceBasePath = 'src/main/webapp', contextLoader = 'org.springframework.boot.test.context.SpringBootContextLoader', parent = [null]], attributes = map['org.springframework.test.context.web.ServletTestExecutionListener.activateListener' -> false]], class annotated with @DirtiesContext [false] with mode [null].
21:17:04.434 [main] DEBUG org.springframework.test.context.support.DependencyInjectionTestExecutionListener - Performing dependency injection for test context [[DefaultTestContext@72c8e7b testClass = HelloControllerTest, testInstance = com.elasticdemo.HelloControllerTest@126253fd, testMethod = [null], testException = [null], mergedContextConfiguration = [WebMergedContextConfiguration@65f8f5ae testClass = HelloControllerTest, locations = '{}', classes = '{class com.elasticdemo.MyWebApplication}', contextInitializerClasses = '[]', activeProfiles = '{}', propertySourceLocations = '{}', propertySourceProperties = '{org.springframework.boot.test.context.SpringBootTestContextBootstrapper=true, server.port=0}', contextCustomizers = set[org.springframework.boot.test.context.filter.ExcludeFilterContextCustomizer@619713e5, org.springframework.boot.test.json.DuplicateJsonObjectContextCustomizerFactory$DuplicateJsonObjectContextCustomizer@7722c3c3, org.springframework.boot.test.mock.mockito.MockitoContextCustomizer@0, org.springframework.boot.test.web.client.TestRestTemplateContextCustomizer@498d318c, org.springframework.boot.test.autoconfigure.actuate.metrics.MetricsExportContextCustomizerFactory$DisableMetricExportContextCustomizer@dbf57b3, org.springframework.boot.test.autoconfigure.properties.PropertyMappingContextCustomizer@0, org.springframework.boot.test.autoconfigure.web.servlet.WebDriverContextCustomizerFactory$Customizer@323b36e0, org.springframework.boot.test.context.SpringBootTestArgs@1, org.springframework.boot.test.context.SpringBootTestWebEnvironment@215be6bb], resourceBasePath = 'src/main/webapp', contextLoader = 'org.springframework.boot.test.context.SpringBootContextLoader', parent = [null]], attributes = map['org.springframework.test.context.web.ServletTestExecutionListener.activateListener' -> false, 'org.springframework.test.context.event.ApplicationEventsTestExecutionListener.recordApplicationEvents' -> false]]].
21:17:04.525 [main] DEBUG org.springframework.test.context.support.TestPropertySourceUtils - Adding inlined properties to environment: {spring.jmx.enabled=false, org.springframework.boot.test.context.SpringBootTestContextBootstrapper=true, server.port=0}

  .   ____          _            __ _ _
 /\\ / ___'_ __ _ _(_)_ __  __ _ \ \ \ \
( ( )\___ | '_ | '_| | '_ \/ _` | \ \ \ \
 \\/  ___)| |_)| | | | | || (_| |  ) ) ) )
  '  |____| .__|_| |_|_| |_\__, | / / / /
 =========|_|==============|___/=/_/_/_/
 :: Spring Boot ::                (v2.5.5)

2023-05-03 21:17:05.212  INFO 5023 --- [           main] com.elasticdemo.HelloControllerTest      : Starting HelloControllerTest using Java 1.8.0_151 on Prateeks-MacBook-Air.local with PID 5023 (started by prateek in /Users/prateek/workspace/spring-boot/resume-management)
2023-05-03 21:17:05.216  INFO 5023 --- [           main] com.elasticdemo.HelloControllerTest      : No active profile set, falling back to default profiles: default
2023-05-03 21:17:06.655  INFO 5023 --- [           main] .s.d.r.c.RepositoryConfigurationDelegate : Bootstrapping Spring Data Elasticsearch repositories in DEFAULT mode.
2023-05-03 21:17:06.770  INFO 5023 --- [           main] .s.d.r.c.RepositoryConfigurationDelegate : Finished Spring Data repository scanning in 103 ms. Found 1 Elasticsearch repository interfaces.
2023-05-03 21:17:06.782  INFO 5023 --- [           main] .s.d.r.c.RepositoryConfigurationDelegate : Bootstrapping Spring Data Reactive Elasticsearch repositories in DEFAULT mode.
2023-05-03 21:17:06.789  INFO 5023 --- [           main] .s.d.r.c.RepositoryConfigurationDelegate : Finished Spring Data repository scanning in 7 ms. Found 0 Reactive Elasticsearch repository interfaces.
2023-05-03 21:17:08.215  INFO 5023 --- [           main] o.s.b.w.embedded.tomcat.TomcatWebServer  : Tomcat initialized with port(s): 0 (http)
2023-05-03 21:17:08.247  INFO 5023 --- [           main] o.apache.catalina.core.StandardService   : Starting service [Tomcat]
2023-05-03 21:17:08.248  INFO 5023 --- [           main] org.apache.catalina.core.StandardEngine  : Starting Servlet engine: [Apache Tomcat/9.0.53]
2023-05-03 21:17:08.412  INFO 5023 --- [           main] o.a.c.c.C.[Tomcat].[localhost].[/]       : Initializing Spring embedded WebApplicationContext
2023-05-03 21:17:08.413  INFO 5023 --- [           main] w.s.c.ServletWebServerApplicationContext : Root WebApplicationContext: initialization completed in 3030 ms
2023-05-03 21:17:12.408  INFO 5023 --- [           main] o.s.d.elasticsearch.support.VersionInfo  : Version Spring Data Elasticsearch: 4.2.5
2023-05-03 21:17:12.412  INFO 5023 --- [           main] o.s.d.elasticsearch.support.VersionInfo  : Version Elasticsearch Client in build: 7.12.1
2023-05-03 21:17:12.412  INFO 5023 --- [           main] o.s.d.elasticsearch.support.VersionInfo  : Version Elasticsearch Client used: 7.12.1
2023-05-03 21:17:12.413  INFO 5023 --- [           main] o.s.d.elasticsearch.support.VersionInfo  : Version Elasticsearch cluster: 7.12.0
2023-05-03 21:17:13.513  INFO 5023 --- [           main] o.s.b.w.embedded.tomcat.TomcatWebServer  : Tomcat started on port(s): 50187 (http) with context path ''
2023-05-03 21:17:13.532  INFO 5023 --- [           main] com.elasticdemo.HelloControllerTest      : Started HelloControllerTest in 9.001 seconds (JVM running for 11.581)
2023-05-03 21:17:14.479  INFO 5023 --- [o-auto-1-exec-1] o.a.c.c.C.[Tomcat].[localhost].[/]       : Initializing Spring DispatcherServlet 'dispatcherServlet'
2023-05-03 21:17:14.479  INFO 5023 --- [o-auto-1-exec-1] o.s.web.servlet.DispatcherServlet        : Initializing Servlet 'dispatcherServlet'
2023-05-03 21:17:14.481  INFO 5023 --- [o-auto-1-exec-1] o.s.web.servlet.DispatcherServlet        : Completed initialization in 2 ms
]]></system-out>
  </testcase>
</testsuite>